[INFO] New run (SLHCHQ)
[INFO] Processing floorplan 1/73 (floorplan022.gif) 
[ERROR] Floorplan image ./input/floorplans/floorplan022.gif not found or unsupported 
[INFO] Processing floorplan 2/73 (floorplan055.png) 
[INFO] Processing floorplan 3/73 (floorplan068.png) 
[INFO] Processing floorplan 4/73 (floorplan064.jpg) 
[INFO] Processing floorplan 5/73 (floorplan071.png) 
[INFO] Processing floorplan 6/73 (floorplan067.gif) 
[ERROR] Floorplan image ./input/floorplans/floorplan067.gif not found or unsupported 
[INFO] Processing floorplan 7/73 (floorplan057.png) 
[INFO] Processing floorplan 8/73 (floorplan028.jpg) 
[INFO] Processing floorplan 9/73 (floorplan061.png) 
[INFO] Processing floorplan 10/73 (floorplan054.png) 
[INFO] Processing floorplan 11/73 (floorplan029.jpg) 
[INFO] Processing floorplan 12/73 (floorplan014.png) 
[INFO] Processing floorplan 13/73 (floorplan032.jpg) 
[INFO] Processing floorplan 14/73 (floorplan042.jpg) 
[INFO] Processing floorplan 15/73 (floorplan033.jpg) 
[INFO] Processing floorplan 16/73 (floorplan016.jpg) 
[INFO] Processing floorplan 17/73 (floorplan052.png) 
[INFO] Processing floorplan 18/73 (floorplan002.jpg) 

  [INFO] New sink (RHZOD9) located (132, 303), will draw 
  [DEBUG] New duplicate added to the list: duptype=sink, subtype=floorplan002-sink02-rot180.png, minus_x=293, minus_y=122, plus_x=313, plus_y=142 

  [INFO] New sink (BTENVM) located (480, 372), will draw 
  [DEBUG] New duplicate added to the list: duptype=sink, subtype=floorplan002-sink01.png, minus_x=362, minus_y=470, plus_x=382, plus_y=490 

  [INFO] Duplicate found: sink located (132, 303), will NOT draw 

  [INFO] New shower (FZFCUA) located (460, 417), will draw 
  [DEBUG] New duplicate added to the list: duptype=shower, subtype=floorplan002-shower01.png, minus_x=407, minus_y=450, plus_x=427, plus_y=470 

  [INFO] New bathtub (JX9QDP) located (351, 320), will draw 
  [DEBUG] New duplicate added to the list: duptype=bathtub, subtype=floorplan002-bathtub01.png, minus_x=310, minus_y=341, plus_x=330, plus_y=361 

  [INFO] New toilet (3A6XQE) located (471, 332), will draw 
  [DEBUG] New duplicate added to the list: duptype=toilet, subtype=floorplan002-toilet01.png, minus_x=322, minus_y=461, plus_x=342, plus_y=481 

  [INFO] New door (51ZJ68) located (536, 319), will draw 
  [DEBUG] New duplicate added to the list: duptype=door, subtype=floorplan002-door01-rot180-hormir.png, minus_x=309, minus_y=526, plus_x=329, plus_y=546 

  [INFO] New door (7GW1VQ) located (173, 392), will draw 
  [DEBUG] New duplicate added to the list: duptype=door, subtype=floorplan002-door01-rot90-hormir.png, minus_x=382, minus_y=163, plus_x=402, plus_y=183 

  [INFO] New door (GUWJZ3) located (173, 336), will draw 
  [DEBUG] New duplicate added to the list: duptype=door, subtype=floorplan002-door01-rot270.png, minus_x=326, minus_y=163, plus_x=346, plus_y=183 

  [INFO] Duplicate found: door located (174, 336), will NOT draw 

  [INFO] New door (WYEDWP) located (512, 203), will draw 
  [DEBUG] New duplicate added to the list: duptype=door, subtype=floorplan002-door01-rot270-hormir.png, minus_x=193, minus_y=502, plus_x=213, plus_y=522 

  [INFO] Duplicate found: door located (511, 203), will NOT draw 

  [INFO] New door (8NVVC7) located (624, 203), will draw 
  [DEBUG] New duplicate added to the list: duptype=door, subtype=floorplan002-door01.png, minus_x=193, minus_y=614, plus_x=213, plus_y=634 

  [INFO] New door (NEUHAV) located (635, 263), will draw 
  [DEBUG] New duplicate added to the list: duptype=door, subtype=floorplan002-door02.png, minus_x=253, minus_y=625, plus_x=273, plus_y=645 
  [INFO] floorplan002.jpg Found sink with reference RHZOD9 at 303,132
  [INFO] floorplan002.jpg Found sink with reference BTENVM at 372,480
  [INFO] floorplan002.jpg Found shower with reference FZFCUA at 417,460
  [INFO] floorplan002.jpg Found bathtub with reference JX9QDP at 320,351
  [INFO] floorplan002.jpg Found toilet with reference 3A6XQE at 332,471
  [INFO] floorplan002.jpg Found door with reference 51ZJ68 at 319,536
  [INFO] floorplan002.jpg Found door with reference 7GW1VQ at 392,173
  [INFO] floorplan002.jpg Found door with reference GUWJZ3 at 336,173
  [INFO] floorplan002.jpg Found door with reference WYEDWP at 203,512
  [INFO] floorplan002.jpg Found door with reference 8NVVC7 at 203,624
  [INFO] floorplan002.jpg Found door with reference NEUHAV at 263,635
[INFO] Processing floorplan 19/73 (floorplan060.png) 
[INFO] Processing floorplan 20/73 (floorplan012.jpg) 
[INFO] Processing floorplan 21/73 (floorplan018.png) 
[INFO] Processing floorplan 22/73 (floorplan046.jpg) 
[INFO] Processing floorplan 23/73 (floorplan049.jpg) 
[INFO] Processing floorplan 24/73 (floorplan008.jpg) 
[INFO] Processing floorplan 25/73 (floorplan044.png) 
[INFO] Processing floorplan 26/73 (floorplan007.png) 
