[INFO] New run
[INFO] Processing floorplan floorplan055.png 
[INFO] Processing floorplan floorplan068.png 
[INFO] Processing floorplan floorplan064.jpg 
[INFO] Processing floorplan floorplan071.png 
[INFO] Processing floorplan floorplan057.png 
[INFO] Processing floorplan floorplan028.jpg 
[INFO] Processing floorplan floorplan061.png 
[INFO] Processing floorplan floorplan054.png 
[INFO] Processing floorplan floorplan029.jpg 
[INFO] Processing floorplan floorplan014.png 
[INFO] Processing floorplan floorplan032.jpg 
[INFO] Processing floorplan floorplan042.jpg 
[INFO] Processing floorplan floorplan033.jpg 
[INFO] Processing floorplan floorplan016.jpg 
[INFO] Processing floorplan floorplan052.png 
[INFO] Processing floorplan floorplan002.jpg 
[INFO] Processing floorplan floorplan060.png 
[INFO] Processing floorplan floorplan012.jpg 
[INFO] Processing floorplan floorplan018.png 
[INFO] Processing floorplan floorplan046.jpg 
[INFO] Processing floorplan floorplan049.jpg 
[INFO] Processing floorplan floorplan008.jpg 
[INFO] Processing floorplan floorplan044.png 
[INFO] Processing floorplan floorplan007.png 
[INFO] Processing floorplan floorplan043.png 
[INFO] Processing floorplan floorplan045.jpg 
[INFO] Processing floorplan floorplan047.jpg 
[INFO] Processing floorplan floorplan065.jpeg 
[INFO] Processing floorplan floorplan024.png 
[INFO] Processing floorplan floorplan006.jpg 
[INFO] Processing floorplan floorplan001.jpg 
  [INFO] New sink (ICFNRC) located (1068, 560), will draw 
  [DEBUG] New duplicate added to the list: duptype=sink, subtype=floorplan001-sink01.png, minus_x=550, minus_y=1058, plus_x=570, plus_y=1078 
...................  [INFO] New sink (L00Z5P) located (837, 558), will draw 
  [DEBUG] New duplicate added to the list: duptype=sink, subtype=floorplan001-sink02.png, minus_x=548, minus_y=827, plus_x=568, plus_y=847 
..............  [INFO] New shower (P9DTJV) located (978, 555), will draw 
  [DEBUG] New duplicate added to the list: duptype=shower, subtype=floorplan001-shower01-rot90.png, minus_x=545, minus_y=968, plus_x=565, plus_y=988 
.....................................................................................................  [INFO] New bathtub (R5FZOS) located (1151, 579), will draw 
  [DEBUG] New duplicate added to the list: duptype=bathtub, subtype=floorplan001-bathtub01.png, minus_x=569, minus_y=1141, plus_x=589, plus_y=1161 
.............................................  [INFO] New toilet (6PXQAO) located (154, 431), will draw 
  [DEBUG] New duplicate added to the list: duptype=toilet, subtype=floorplan001-toilet01.png, minus_x=421, minus_y=144, plus_x=441, plus_y=164 
..................  [INFO] New toilet (3ZTJYQ) located (1156, 722), will draw 
  [DEBUG] New duplicate added to the list: duptype=toilet, subtype=floorplan001-toilet01-rot180.png, minus_x=712, minus_y=1146, plus_x=732, plus_y=1166 
................  [INFO] New door (GH4FH5) located (486, 273), will draw 
  [DEBUG] New duplicate added to the list: duptype=door, subtype=floorplan001-door01-rot90.png, minus_x=263, minus_y=476, plus_x=283, plus_y=496 
.......  [INFO] New door (W6JAYA) located (314, 405), will draw 
  [DEBUG] New duplicate added to the list: duptype=door, subtype=floorplan001-door01-rot90.png, minus_x=395, minus_y=304, plus_x=415, plus_y=324 
................................  [INFO] New door (SBME26) located (890, 1063), will draw 
  [DEBUG] New duplicate added to the list: duptype=door, subtype=floorplan001-door01-rot90.png, minus_x=1053, minus_y=880, plus_x=1073, plus_y=900 
..................................  [INFO] New door (7MGJ3S) located (879, 706), will draw 
  [DEBUG] New duplicate added to the list: duptype=door, subtype=floorplan001-door01-rot180-hormir.png, minus_x=696, minus_y=869, plus_x=716, plus_y=889 
....................  [INFO] New door (7X5GZS) located (591, 436), will draw 
  [DEBUG] New duplicate added to the list: duptype=door, subtype=floorplan001-door01.png, minus_x=426, minus_y=581, plus_x=446, plus_y=601 
..............................  [INFO] New door (GPZ1O8) located (1072, 710), will draw 
  [DEBUG] New duplicate added to the list: duptype=door, subtype=floorplan001-door01.png, minus_x=700, minus_y=1062, plus_x=720, plus_y=1082 
................................  [INFO] New door (76DFZK) located (878, 755), will draw 
  [DEBUG] New duplicate added to the list: duptype=door, subtype=floorplan001-door01.png, minus_x=745, minus_y=868, plus_x=765, plus_y=888 
.....................  [INFO] New door (KV45KA) located (243, 405), will draw 
  [DEBUG] New duplicate added to the list: duptype=door, subtype=floorplan001-door01-rot90-hormir.png, minus_x=395, minus_y=233, plus_x=415, plus_y=253 
...............................  [INFO] New door (BK1ZJL) located (912, 644), will draw 
  [DEBUG] New duplicate added to the list: duptype=door, subtype=floorplan001-door01-rot270.png, minus_x=634, minus_y=902, plus_x=654, plus_y=922 
...............  [INFO] New door (OI6LFK) located (977, 643), will draw 
  [DEBUG] New duplicate added to the list: duptype=door, subtype=floorplan001-door01-rot270-hormir.png, minus_x=633, minus_y=967, plus_x=653, plus_y=987 
.....................  [INFO] New door (9MO8DQ) located (411, 343), will draw 
  [DEBUG] New duplicate added to the list: duptype=door, subtype=floorplan001-door01-hormir.png, minus_x=333, minus_y=401, plus_x=353, plus_y=421 
....  [INFO] floorplan001.jpg Found sink with reference ICFNRC at 560,1068
  [INFO] floorplan001.jpg Found sink with reference L00Z5P at 558,837
  [INFO] floorplan001.jpg Found shower with reference P9DTJV at 555,978
  [INFO] floorplan001.jpg Found bathtub with reference R5FZOS at 579,1151
  [INFO] floorplan001.jpg Found toilet with reference 6PXQAO at 431,154
  [INFO] floorplan001.jpg Found toilet with reference 3ZTJYQ at 722,1156
  [INFO] floorplan001.jpg Found door with reference GH4FH5 at 273,486
  [INFO] floorplan001.jpg Found door with reference W6JAYA at 405,314
  [INFO] floorplan001.jpg Found door with reference SBME26 at 1063,890
  [INFO] floorplan001.jpg Found door with reference 7MGJ3S at 706,879
  [INFO] floorplan001.jpg Found door with reference 7X5GZS at 436,591
  [INFO] floorplan001.jpg Found door with reference GPZ1O8 at 710,1072
  [INFO] floorplan001.jpg Found door with reference 76DFZK at 755,878
  [INFO] floorplan001.jpg Found door with reference KV45KA at 405,243
  [INFO] floorplan001.jpg Found door with reference BK1ZJL at 644,912
  [INFO] floorplan001.jpg Found door with reference OI6LFK at 643,977
  [INFO] floorplan001.jpg Found door with reference 9MO8DQ at 343,411
[INFO] Processing floorplan floorplan066.jpg 
[INFO] Processing floorplan floorplan034.jpg 
[INFO] Processing floorplan floorplan069.jpeg 
[INFO] Processing floorplan floorplan036.jpg 
[INFO] Processing floorplan floorplan031.jpg 
[INFO] Processing floorplan floorplan058.png 
[INFO] Processing floorplan floorplan056.png 
[INFO] Processing floorplan floorplan007.jpg 
[INFO] Processing floorplan floorplan026.png 
[INFO] Processing floorplan floorplan011.jpg 
[INFO] Processing floorplan floorplan070.jpeg 
[INFO] Processing floorplan floorplan017.jpg 
[INFO] Processing floorplan floorplan009.jpg 
[INFO] Processing floorplan floorplan041.jpg 
[INFO] Processing floorplan floorplan038.jpg 
[INFO] Processing floorplan floorplan019.jpg 
[INFO] Processing floorplan floorplan059.png 
[INFO] Processing floorplan floorplan013.jpg 
[INFO] Processing floorplan floorplan037.jpg 
[INFO] Processing floorplan floorplan048.jpg 
[INFO] Processing floorplan floorplan010.jpg 
[INFO] Processing floorplan floorplan053.png 
[INFO] Processing floorplan floorplan015.jpg 
[INFO] Processing floorplan floorplan062.jpg 
[INFO] Processing floorplan floorplan035.jpg 
[INFO] Processing floorplan floorplan051.png 
[INFO] Processing floorplan floorplan025.jpg 
  [INFO] New door (N1MZZY) located (349, 537), will draw 
  [DEBUG] New duplicate added to the list: duptype=door, subtype=floorplan001-door01-rot90.png, minus_x=527, minus_y=339, plus_x=547, plus_y=359 
.  [INFO] New door (O2MZOT) located (349, 318), will draw 
  [DEBUG] New duplicate added to the list: duptype=door, subtype=floorplan001-door01-rot270-hormir.png, minus_x=308, minus_y=339, plus_x=328, plus_y=359 
.  [INFO] floorplan025.jpg Found door with reference N1MZZY at 537,349
  [INFO] floorplan025.jpg Found door with reference O2MZOT at 318,349
[INFO] Processing floorplan floorplan050.png 
[INFO] Processing floorplan floorplan027.jpg 
[INFO] Processing floorplan floorplan004.jpg 
[INFO] Processing floorplan floorplan005.jpg 
[INFO] Processing floorplan floorplan063.jpg 
[INFO] Processing floorplan floorplan003.jpg 
[INFO] Processing floorplan floorplan021.JPG 
[INFO] Processing floorplan floorplan030.jpg 
