[INFO] New run (QQHYJD)
[INFO] Processing floorplan 1/72 (floorplan022.gif) 
[ERROR] Floorplan image ./input/floorplans/floorplan022.gif not found or unsupported 
[INFO] Processing floorplan 2/72 (floorplan055.png) 
[INFO] Processing floorplan 3/72 (floorplan068.png) 
[INFO] Processing floorplan 4/72 (floorplan064.jpg) 
[INFO] Processing floorplan 5/72 (floorplan071.png) 
[INFO] Processing floorplan 6/72 (floorplan067.gif) 
[ERROR] Floorplan image ./input/floorplans/floorplan067.gif not found or unsupported 
[INFO] Processing floorplan 7/72 (floorplan057.png) 
[INFO] Processing floorplan 8/72 (floorplan028.jpg) 
[INFO] Processing floorplan 9/72 (floorplan061.png) 
[INFO] Processing floorplan 10/72 (floorplan054.png) 
[INFO] Processing floorplan 11/72 (floorplan029.jpg) 
[INFO] Processing floorplan 12/72 (floorplan014.png) 
[INFO] Processing floorplan 13/72 (floorplan032.jpg) 
[INFO] Processing floorplan 14/72 (floorplan042.jpg) 
[INFO] Processing floorplan 15/72 (floorplan033.jpg) 
[INFO] Processing floorplan 16/72 (floorplan016.jpg) 
[INFO] Processing floorplan 17/72 (floorplan052.png) 
[INFO] Processing floorplan 18/72 (floorplan002.jpg) 

  [INFO] New sink (8J3AK3) located (132, 303), will draw 
  [DEBUG] New duplicate added to the list: duptype=sink, subtype=floorplan002-sink02-rot180.png, minus_x=293, minus_y=122, plus_x=313, plus_y=142 

  [INFO] New sink (EAOLDE) located (480, 372), will draw 
  [DEBUG] New duplicate added to the list: duptype=sink, subtype=floorplan002-sink01.png, minus_x=362, minus_y=470, plus_x=382, plus_y=490 

  [INFO] Duplicate found: sink located (132, 303), will NOT draw 

  [INFO] New shower (TOG7BE) located (460, 417), will draw 
  [DEBUG] New duplicate added to the list: duptype=shower, subtype=floorplan002-shower01.png, minus_x=407, minus_y=450, plus_x=427, plus_y=470 

  [INFO] New bathtub (FVJWD9) located (351, 320), will draw 
  [DEBUG] New duplicate added to the list: duptype=bathtub, subtype=floorplan002-bathtub01.png, minus_x=310, minus_y=341, plus_x=330, plus_y=361 

  [INFO] New toilet (C4NCW1) located (471, 332), will draw 
  [DEBUG] New duplicate added to the list: duptype=toilet, subtype=floorplan002-toilet01.png, minus_x=322, minus_y=461, plus_x=342, plus_y=481 

  [INFO] New door (YUBMTP) located (536, 319), will draw 
  [DEBUG] New duplicate added to the list: duptype=door, subtype=floorplan002-door01-rot180-hormir.png, minus_x=309, minus_y=526, plus_x=329, plus_y=546 

  [INFO] New door (270KIF) located (173, 392), will draw 
  [DEBUG] New duplicate added to the list: duptype=door, subtype=floorplan002-door01-rot90-hormir.png, minus_x=382, minus_y=163, plus_x=402, plus_y=183 

  [INFO] New door (CGPP62) located (173, 336), will draw 
  [DEBUG] New duplicate added to the list: duptype=door, subtype=floorplan002-door01-rot270.png, minus_x=326, minus_y=163, plus_x=346, plus_y=183 

  [INFO] Duplicate found: door located (174, 336), will NOT draw 

  [INFO] New door (GHGBZ8) located (512, 203), will draw 
  [DEBUG] New duplicate added to the list: duptype=door, subtype=floorplan002-door01-rot270-hormir.png, minus_x=193, minus_y=502, plus_x=213, plus_y=522 

  [INFO] Duplicate found: door located (511, 203), will NOT draw 

  [INFO] New door (P2P40N) located (624, 203), will draw 
  [DEBUG] New duplicate added to the list: duptype=door, subtype=floorplan002-door01.png, minus_x=193, minus_y=614, plus_x=213, plus_y=634 

  [INFO] New door (32J0TE) located (635, 263), will draw 
  [DEBUG] New duplicate added to the list: duptype=door, subtype=floorplan002-door02.png, minus_x=253, minus_y=625, plus_x=273, plus_y=645 
  [INFO] floorplan002.jpg Found sink with reference 8J3AK3 at 303,132
  [INFO] floorplan002.jpg Found sink with reference EAOLDE at 372,480
  [INFO] floorplan002.jpg Found shower with reference TOG7BE at 417,460
  [INFO] floorplan002.jpg Found bathtub with reference FVJWD9 at 320,351
  [INFO] floorplan002.jpg Found toilet with reference C4NCW1 at 332,471
  [INFO] floorplan002.jpg Found door with reference YUBMTP at 319,536
  [INFO] floorplan002.jpg Found door with reference 270KIF at 392,173
  [INFO] floorplan002.jpg Found door with reference CGPP62 at 336,173
  [INFO] floorplan002.jpg Found door with reference GHGBZ8 at 203,512
  [INFO] floorplan002.jpg Found door with reference P2P40N at 203,624
  [INFO] floorplan002.jpg Found door with reference 32J0TE at 263,635
[INFO] Processing floorplan 19/72 (floorplan060.png) 
[INFO] Processing floorplan 20/72 (floorplan012.jpg) 
[INFO] Processing floorplan 21/72 (floorplan018.png) 
[INFO] Processing floorplan 22/72 (floorplan046.jpg) 
[INFO] Processing floorplan 23/72 (floorplan049.jpg) 
[INFO] Processing floorplan 24/72 (floorplan008.jpg) 
[INFO] Processing floorplan 25/72 (floorplan044.png) 
[INFO] Processing floorplan 26/72 (floorplan007.png) 
[INFO] Processing floorplan 27/72 (floorplan043.png) 
[INFO] Processing floorplan 28/72 (floorplan045.jpg) 
[INFO] Processing floorplan 29/72 (floorplan047.jpg) 
[INFO] Processing floorplan 30/72 (floorplan065.jpeg) 

  [INFO] New door (QJ4Q5Y) located (956, 443), will draw 
  [DEBUG] New duplicate added to the list: duptype=door, subtype=floorplan002-door01-rot180-hormir.png, minus_x=433, minus_y=946, plus_x=453, plus_y=966 

  [INFO] Duplicate found: door located (957, 443), will NOT draw 

  [INFO] Duplicate found: door located (956, 444), will NOT draw 

  [INFO] New door (B76NVC) located (655, 327), will draw 
  [DEBUG] New duplicate added to the list: duptype=door, subtype=floorplan002-door01.png, minus_x=317, minus_y=645, plus_x=337, plus_y=665 
  [INFO] floorplan065.jpeg Found door with reference QJ4Q5Y at 443,956
  [INFO] floorplan065.jpeg Found door with reference B76NVC at 327,655
[INFO] Processing floorplan 31/72 (floorplan024.png) 
[INFO] Processing floorplan 32/72 (floorplan006.jpg) 
[INFO] Processing floorplan 33/72 (floorplan001.jpg) 

  [INFO] New sink (I5XO7V) located (1068, 560), will draw 
  [DEBUG] New duplicate added to the list: duptype=sink, subtype=floorplan001-sink01.png, minus_x=550, minus_y=1058, plus_x=570, plus_y=1078 

  [INFO] Duplicate found: sink located (1069, 560), will NOT draw 

  [INFO] Duplicate found: sink located (1070, 560), will NOT draw 

  [INFO] Duplicate found: sink located (1071, 560), will NOT draw 

  [INFO] Duplicate found: sink located (1072, 560), will NOT draw 

  [INFO] Duplicate found: sink located (1068, 561), will NOT draw 

  [INFO] Duplicate found: sink located (1069, 561), will NOT draw 

  [INFO] Duplicate found: sink located (1070, 561), will NOT draw 

  [INFO] Duplicate found: sink located (1071, 561), will NOT draw 

  [INFO] Duplicate found: sink located (1072, 561), will NOT draw 

  [INFO] Duplicate found: sink located (1068, 562), will NOT draw 

  [INFO] Duplicate found: sink located (1069, 562), will NOT draw 

  [INFO] Duplicate found: sink located (1070, 562), will NOT draw 

  [INFO] Duplicate found: sink located (1071, 562), will NOT draw 

  [INFO] Duplicate found: sink located (1072, 562), will NOT draw 

  [INFO] Duplicate found: sink located (1069, 563), will NOT draw 

  [INFO] Duplicate found: sink located (1070, 563), will NOT draw 

  [INFO] Duplicate found: sink located (1071, 563), will NOT draw 

  [INFO] Duplicate found: sink located (1070, 560), will NOT draw 

  [INFO] Duplicate found: sink located (1071, 560), will NOT draw 

  [INFO] New sink (7J51N2) located (837, 558), will draw 
  [DEBUG] New duplicate added to the list: duptype=sink, subtype=floorplan001-sink02.png, minus_x=548, minus_y=827, plus_x=568, plus_y=847 

  [INFO] Duplicate found: sink located (838, 558), will NOT draw 

  [INFO] Duplicate found: sink located (836, 559), will NOT draw 

  [INFO] Duplicate found: sink located (837, 559), will NOT draw 

  [INFO] Duplicate found: sink located (838, 559), will NOT draw 

  [INFO] Duplicate found: sink located (839, 559), will NOT draw 

  [INFO] Duplicate found: sink located (836, 560), will NOT draw 

  [INFO] Duplicate found: sink located (837, 560), will NOT draw 

  [INFO] Duplicate found: sink located (838, 560), will NOT draw 

  [INFO] Duplicate found: sink located (839, 560), will NOT draw 

  [INFO] Duplicate found: sink located (840, 560), will NOT draw 

  [INFO] Duplicate found: sink located (837, 561), will NOT draw 

  [INFO] Duplicate found: sink located (838, 561), will NOT draw 

  [INFO] Duplicate found: sink located (839, 561), will NOT draw 

  [INFO] Duplicate found: sink located (838, 562), will NOT draw 

  [INFO] New shower (PVC12P) located (978, 555), will draw 
  [DEBUG] New duplicate added to the list: duptype=shower, subtype=floorplan001-shower01-rot90.png, minus_x=545, minus_y=968, plus_x=565, plus_y=988 

  [INFO] Duplicate found: shower located (976, 556), will NOT draw 

  [INFO] Duplicate found: shower located (977, 556), will NOT draw 

  [INFO] Duplicate found: shower located (978, 556), will NOT draw 

  [INFO] Duplicate found: shower located (979, 556), will NOT draw 

  [INFO] Duplicate found: shower located (980, 556), will NOT draw 

  [INFO] Duplicate found: shower located (976, 557), will NOT draw 

  [INFO] Duplicate found: shower located (977, 557), will NOT draw 

  [INFO] Duplicate found: shower located (978, 557), will NOT draw 

  [INFO] Duplicate found: shower located (979, 557), will NOT draw 

  [INFO] Duplicate found: shower located (980, 557), will NOT draw 

  [INFO] Duplicate found: shower located (981, 557), will NOT draw 

  [INFO] Duplicate found: shower located (975, 558), will NOT draw 

  [INFO] Duplicate found: shower located (976, 558), will NOT draw 

  [INFO] Duplicate found: shower located (977, 558), will NOT draw 

  [INFO] Duplicate found: shower located (978, 558), will NOT draw 

  [INFO] Duplicate found: shower located (979, 558), will NOT draw 

  [INFO] Duplicate found: shower located (980, 558), will NOT draw 

  [INFO] Duplicate found: shower located (981, 558), will NOT draw 

  [INFO] Duplicate found: shower located (976, 559), will NOT draw 

  [INFO] Duplicate found: shower located (977, 559), will NOT draw 

  [INFO] Duplicate found: shower located (978, 559), will NOT draw 

  [INFO] Duplicate found: shower located (979, 559), will NOT draw 

  [INFO] Duplicate found: shower located (980, 559), will NOT draw 

  [INFO] Duplicate found: shower located (981, 559), will NOT draw 

  [INFO] Duplicate found: shower located (977, 560), will NOT draw 

  [INFO] Duplicate found: shower located (978, 560), will NOT draw 

  [INFO] Duplicate found: shower located (979, 560), will NOT draw 

  [INFO] Duplicate found: shower located (980, 560), will NOT draw 

  [INFO] Duplicate found: shower located (975, 556), will NOT draw 

  [INFO] Duplicate found: shower located (976, 556), will NOT draw 

  [INFO] Duplicate found: shower located (977, 556), will NOT draw 

  [INFO] Duplicate found: shower located (973, 557), will NOT draw 

  [INFO] Duplicate found: shower located (974, 557), will NOT draw 

  [INFO] Duplicate found: shower located (975, 557), will NOT draw 

  [INFO] Duplicate found: shower located (976, 557), will NOT draw 

  [INFO] Duplicate found: shower located (977, 557), will NOT draw 

  [INFO] Duplicate found: shower located (978, 557), will NOT draw 

  [INFO] Duplicate found: shower located (972, 558), will NOT draw 

  [INFO] Duplicate found: shower located (973, 558), will NOT draw 

  [INFO] Duplicate found: shower located (974, 558), will NOT draw 

  [INFO] Duplicate found: shower located (975, 558), will NOT draw 

  [INFO] Duplicate found: shower located (976, 558), will NOT draw 

  [INFO] Duplicate found: shower located (977, 558), will NOT draw 

  [INFO] Duplicate found: shower located (978, 558), will NOT draw 

  [INFO] Duplicate found: shower located (979, 558), will NOT draw 

  [INFO] Duplicate found: shower located (972, 559), will NOT draw 

  [INFO] Duplicate found: shower located (973, 559), will NOT draw 

  [INFO] Duplicate found: shower located (974, 559), will NOT draw 

  [INFO] Duplicate found: shower located (975, 559), will NOT draw 

  [INFO] Duplicate found: shower located (976, 559), will NOT draw 

  [INFO] Duplicate found: shower located (977, 559), will NOT draw 

  [INFO] Duplicate found: shower located (978, 559), will NOT draw 

  [INFO] Duplicate found: shower located (979, 559), will NOT draw 

  [INFO] Duplicate found: shower located (980, 559), will NOT draw 

  [INFO] Duplicate found: shower located (972, 560), will NOT draw 

  [INFO] Duplicate found: shower located (973, 560), will NOT draw 

  [INFO] Duplicate found: shower located (974, 560), will NOT draw 

  [INFO] Duplicate found: shower located (975, 560), will NOT draw 

  [INFO] Duplicate found: shower located (976, 560), will NOT draw 

  [INFO] Duplicate found: shower located (977, 560), will NOT draw 

  [INFO] Duplicate found: shower located (978, 560), will NOT draw 

  [INFO] Duplicate found: shower located (979, 560), will NOT draw 

  [INFO] Duplicate found: shower located (980, 560), will NOT draw 

  [INFO] Duplicate found: shower located (981, 560), will NOT draw 

  [INFO] Duplicate found: shower located (972, 561), will NOT draw 

  [INFO] Duplicate found: shower located (973, 561), will NOT draw 

  [INFO] Duplicate found: shower located (974, 561), will NOT draw 

  [INFO] Duplicate found: shower located (975, 561), will NOT draw 

  [INFO] Duplicate found: shower located (976, 561), will NOT draw 

  [INFO] Duplicate found: shower located (977, 561), will NOT draw 

  [INFO] Duplicate found: shower located (978, 561), will NOT draw 

  [INFO] Duplicate found: shower located (979, 561), will NOT draw 

  [INFO] Duplicate found: shower located (980, 561), will NOT draw 

  [INFO] Duplicate found: shower located (981, 561), will NOT draw 

  [INFO] Duplicate found: shower located (972, 562), will NOT draw 

  [INFO] Duplicate found: shower located (973, 562), will NOT draw 

  [INFO] Duplicate found: shower located (974, 562), will NOT draw 

  [INFO] Duplicate found: shower located (975, 562), will NOT draw 

  [INFO] Duplicate found: shower located (976, 562), will NOT draw 

  [INFO] Duplicate found: shower located (977, 562), will NOT draw 

  [INFO] Duplicate found: shower located (978, 562), will NOT draw 

  [INFO] Duplicate found: shower located (979, 562), will NOT draw 

  [INFO] Duplicate found: shower located (980, 562), will NOT draw 

  [INFO] Duplicate found: shower located (973, 563), will NOT draw 

  [INFO] Duplicate found: shower located (974, 563), will NOT draw 

  [INFO] Duplicate found: shower located (975, 563), will NOT draw 

  [INFO] Duplicate found: shower located (976, 563), will NOT draw 

  [INFO] Duplicate found: shower located (977, 563), will NOT draw 

  [INFO] Duplicate found: shower located (978, 563), will NOT draw 

  [INFO] Duplicate found: shower located (979, 563), will NOT draw 

  [INFO] Duplicate found: shower located (980, 563), will NOT draw 

  [INFO] Duplicate found: shower located (974, 564), will NOT draw 

  [INFO] Duplicate found: shower located (975, 564), will NOT draw 

  [INFO] Duplicate found: shower located (976, 564), will NOT draw 

  [INFO] Duplicate found: shower located (977, 564), will NOT draw 

  [INFO] Duplicate found: shower located (978, 564), will NOT draw 

  [INFO] Duplicate found: shower located (979, 564), will NOT draw 

  [INFO] Duplicate found: shower located (975, 565), will NOT draw 

  [INFO] Duplicate found: shower located (976, 565), will NOT draw 

  [INFO] Duplicate found: shower located (977, 565), will NOT draw 

  [INFO] Duplicate found: shower located (978, 565), will NOT draw 

  [INFO] New bathtub (FZ20KU) located (1151, 579), will draw 
  [DEBUG] New duplicate added to the list: duptype=bathtub, subtype=floorplan001-bathtub01.png, minus_x=569, minus_y=1141, plus_x=589, plus_y=1161 

  [INFO] Duplicate found: bathtub located (1150, 580), will NOT draw 

  [INFO] Duplicate found: bathtub located (1151, 580), will NOT draw 

  [INFO] Duplicate found: bathtub located (1152, 580), will NOT draw 

  [INFO] Duplicate found: bathtub located (1150, 581), will NOT draw 

  [INFO] Duplicate found: bathtub located (1151, 581), will NOT draw 

  [INFO] Duplicate found: bathtub located (1152, 581), will NOT draw 

  [INFO] Duplicate found: bathtub located (1150, 582), will NOT draw 

  [INFO] Duplicate found: bathtub located (1151, 582), will NOT draw 

  [INFO] Duplicate found: bathtub located (1152, 582), will NOT draw 

  [INFO] Duplicate found: bathtub located (1150, 583), will NOT draw 

  [INFO] Duplicate found: bathtub located (1151, 583), will NOT draw 

  [INFO] Duplicate found: bathtub located (1152, 583), will NOT draw 

  [INFO] Duplicate found: bathtub located (1149, 584), will NOT draw 

  [INFO] Duplicate found: bathtub located (1150, 584), will NOT draw 

  [INFO] Duplicate found: bathtub located (1151, 584), will NOT draw 

  [INFO] Duplicate found: bathtub located (1152, 584), will NOT draw 

  [INFO] Duplicate found: bathtub located (1153, 584), will NOT draw 

  [INFO] Duplicate found: bathtub located (1149, 585), will NOT draw 

  [INFO] Duplicate found: bathtub located (1150, 585), will NOT draw 

  [INFO] Duplicate found: bathtub located (1151, 585), will NOT draw 

  [INFO] Duplicate found: bathtub located (1152, 585), will NOT draw 

  [INFO] Duplicate found: bathtub located (1153, 585), will NOT draw 

  [INFO] Duplicate found: bathtub located (1148, 586), will NOT draw 

  [INFO] Duplicate found: bathtub located (1149, 586), will NOT draw 

  [INFO] Duplicate found: bathtub located (1150, 586), will NOT draw 

  [INFO] Duplicate found: bathtub located (1151, 586), will NOT draw 

  [INFO] Duplicate found: bathtub located (1152, 586), will NOT draw 

  [INFO] Duplicate found: bathtub located (1153, 586), will NOT draw 

  [INFO] Duplicate found: bathtub located (1154, 586), will NOT draw 

  [INFO] Duplicate found: bathtub located (1149, 587), will NOT draw 

  [INFO] Duplicate found: bathtub located (1150, 587), will NOT draw 

  [INFO] Duplicate found: bathtub located (1151, 587), will NOT draw 

  [INFO] Duplicate found: bathtub located (1152, 587), will NOT draw 

  [INFO] Duplicate found: bathtub located (1153, 587), will NOT draw 

  [INFO] Duplicate found: bathtub located (1154, 587), will NOT draw 

  [INFO] Duplicate found: bathtub located (1149, 588), will NOT draw 

  [INFO] Duplicate found: bathtub located (1150, 588), will NOT draw 

  [INFO] Duplicate found: bathtub located (1151, 588), will NOT draw 

  [INFO] Duplicate found: bathtub located (1152, 588), will NOT draw 

  [INFO] Duplicate found: bathtub located (1153, 588), will NOT draw 

  [INFO] Duplicate found: bathtub located (1150, 589), will NOT draw 

  [INFO] Duplicate found: bathtub located (1151, 589), will NOT draw 

  [INFO] Duplicate found: bathtub located (1152, 589), will NOT draw 

  [INFO] Duplicate found: bathtub located (1152, 586), will NOT draw 

  [INFO] Duplicate found: bathtub located (1152, 587), will NOT draw 

  [INFO] New toilet (SIBFTG) located (154, 431), will draw 
  [DEBUG] New duplicate added to the list: duptype=toilet, subtype=floorplan001-toilet01.png, minus_x=421, minus_y=144, plus_x=441, plus_y=164 

  [INFO] Duplicate found: toilet located (155, 431), will NOT draw 

  [INFO] Duplicate found: toilet located (156, 431), will NOT draw 

  [INFO] Duplicate found: toilet located (153, 432), will NOT draw 

  [INFO] Duplicate found: toilet located (154, 432), will NOT draw 

  [INFO] Duplicate found: toilet located (155, 432), will NOT draw 

  [INFO] Duplicate found: toilet located (156, 432), will NOT draw 

  [INFO] Duplicate found: toilet located (157, 432), will NOT draw 

  [INFO] Duplicate found: toilet located (153, 433), will NOT draw 

  [INFO] Duplicate found: toilet located (154, 433), will NOT draw 

  [INFO] Duplicate found: toilet located (155, 433), will NOT draw 

  [INFO] Duplicate found: toilet located (156, 433), will NOT draw 

  [INFO] Duplicate found: toilet located (157, 433), will NOT draw 

  [INFO] Duplicate found: toilet located (153, 434), will NOT draw 

  [INFO] Duplicate found: toilet located (154, 434), will NOT draw 

  [INFO] Duplicate found: toilet located (155, 434), will NOT draw 

  [INFO] Duplicate found: toilet located (156, 434), will NOT draw 

  [INFO] Duplicate found: toilet located (157, 434), will NOT draw 

  [INFO] Duplicate found: toilet located (155, 435), will NOT draw 

  [INFO] New toilet (13O15C) located (1156, 722), will draw 
  [DEBUG] New duplicate added to the list: duptype=toilet, subtype=floorplan001-toilet01-rot180.png, minus_x=712, minus_y=1146, plus_x=732, plus_y=1166 

  [INFO] Duplicate found: toilet located (1157, 722), will NOT draw 

  [INFO] Duplicate found: toilet located (1158, 722), will NOT draw 

  [INFO] Duplicate found: toilet located (1155, 723), will NOT draw 

  [INFO] Duplicate found: toilet located (1156, 723), will NOT draw 

  [INFO] Duplicate found: toilet located (1157, 723), will NOT draw 

  [INFO] Duplicate found: toilet located (1158, 723), will NOT draw 

  [INFO] Duplicate found: toilet located (1159, 723), will NOT draw 

  [INFO] Duplicate found: toilet located (1155, 724), will NOT draw 

  [INFO] Duplicate found: toilet located (1156, 724), will NOT draw 

  [INFO] Duplicate found: toilet located (1157, 724), will NOT draw 

  [INFO] Duplicate found: toilet located (1158, 724), will NOT draw 

  [INFO] Duplicate found: toilet located (1159, 724), will NOT draw 

  [INFO] Duplicate found: toilet located (1155, 725), will NOT draw 

  [INFO] Duplicate found: toilet located (1156, 725), will NOT draw 

  [INFO] Duplicate found: toilet located (1157, 725), will NOT draw 

  [INFO] Duplicate found: toilet located (1158, 725), will NOT draw 

  [INFO] New door (ONOFH5) located (486, 273), will draw 
  [DEBUG] New duplicate added to the list: duptype=door, subtype=floorplan001-door01-rot90.png, minus_x=263, minus_y=476, plus_x=283, plus_y=496 

  [INFO] Duplicate found: door located (487, 273), will NOT draw 

  [INFO] Duplicate found: door located (488, 273), will NOT draw 

  [INFO] Duplicate found: door located (485, 274), will NOT draw 

  [INFO] Duplicate found: door located (486, 274), will NOT draw 

  [INFO] Duplicate found: door located (487, 274), will NOT draw 

  [INFO] Duplicate found: door located (485, 275), will NOT draw 

  [INFO] Duplicate found: door located (486, 275), will NOT draw 

  [INFO] New door (W5SD9I) located (314, 405), will draw 
  [DEBUG] New duplicate added to the list: duptype=door, subtype=floorplan001-door01-rot90.png, minus_x=395, minus_y=304, plus_x=415, plus_y=324 

  [INFO] Duplicate found: door located (315, 405), will NOT draw 

  [INFO] Duplicate found: door located (316, 405), will NOT draw 

  [INFO] Duplicate found: door located (313, 406), will NOT draw 

  [INFO] Duplicate found: door located (314, 406), will NOT draw 

  [INFO] Duplicate found: door located (315, 406), will NOT draw 

  [INFO] Duplicate found: door located (316, 406), will NOT draw 

  [INFO] Duplicate found: door located (317, 406), will NOT draw 

  [INFO] Duplicate found: door located (313, 407), will NOT draw 

  [INFO] Duplicate found: door located (314, 407), will NOT draw 

  [INFO] Duplicate found: door located (315, 407), will NOT draw 

  [INFO] Duplicate found: door located (316, 407), will NOT draw 

  [INFO] Duplicate found: door located (317, 407), will NOT draw 

  [INFO] Duplicate found: door located (312, 408), will NOT draw 

  [INFO] Duplicate found: door located (313, 408), will NOT draw 

  [INFO] Duplicate found: door located (314, 408), will NOT draw 

  [INFO] Duplicate found: door located (315, 408), will NOT draw 

  [INFO] Duplicate found: door located (316, 408), will NOT draw 

  [INFO] Duplicate found: door located (317, 408), will NOT draw 

  [INFO] Duplicate found: door located (312, 409), will NOT draw 

  [INFO] Duplicate found: door located (313, 409), will NOT draw 

  [INFO] Duplicate found: door located (314, 409), will NOT draw 

  [INFO] Duplicate found: door located (315, 409), will NOT draw 

  [INFO] Duplicate found: door located (316, 409), will NOT draw 

  [INFO] Duplicate found: door located (312, 410), will NOT draw 

  [INFO] Duplicate found: door located (313, 410), will NOT draw 

  [INFO] Duplicate found: door located (314, 410), will NOT draw 

  [INFO] Duplicate found: door located (315, 410), will NOT draw 

  [INFO] Duplicate found: door located (316, 410), will NOT draw 

  [INFO] Duplicate found: door located (312, 411), will NOT draw 

  [INFO] Duplicate found: door located (313, 411), will NOT draw 

  [INFO] Duplicate found: door located (314, 411), will NOT draw 

  [INFO] Duplicate found: door located (315, 411), will NOT draw 

  [INFO] New door (0PZ96Z) located (890, 1063), will draw 
  [DEBUG] New duplicate added to the list: duptype=door, subtype=floorplan001-door01-rot90.png, minus_x=1053, minus_y=880, plus_x=1073, plus_y=900 

  [INFO] Duplicate found: door located (891, 1063), will NOT draw 

  [INFO] Duplicate found: door located (892, 1063), will NOT draw 

  [INFO] Duplicate found: door located (889, 1064), will NOT draw 

  [INFO] Duplicate found: door located (890, 1064), will NOT draw 

  [INFO] Duplicate found: door located (891, 1064), will NOT draw 

  [INFO] Duplicate found: door located (892, 1064), will NOT draw 

  [INFO] Duplicate found: door located (889, 1065), will NOT draw 

  [INFO] Duplicate found: door located (890, 1065), will NOT draw 

  [INFO] Duplicate found: door located (891, 1065), will NOT draw 

  [INFO] Duplicate found: door located (892, 1065), will NOT draw 

  [INFO] Duplicate found: door located (893, 1065), will NOT draw 

  [INFO] Duplicate found: door located (888, 1066), will NOT draw 

  [INFO] Duplicate found: door located (889, 1066), will NOT draw 

  [INFO] Duplicate found: door located (890, 1066), will NOT draw 

  [INFO] Duplicate found: door located (891, 1066), will NOT draw 

  [INFO] Duplicate found: door located (892, 1066), will NOT draw 

  [INFO] Duplicate found: door located (893, 1066), will NOT draw 

  [INFO] Duplicate found: door located (888, 1067), will NOT draw 

  [INFO] Duplicate found: door located (889, 1067), will NOT draw 

  [INFO] Duplicate found: door located (890, 1067), will NOT draw 

  [INFO] Duplicate found: door located (891, 1067), will NOT draw 

  [INFO] Duplicate found: door located (892, 1067), will NOT draw 

  [INFO] Duplicate found: door located (888, 1068), will NOT draw 

  [INFO] Duplicate found: door located (889, 1068), will NOT draw 

  [INFO] Duplicate found: door located (890, 1068), will NOT draw 

  [INFO] Duplicate found: door located (891, 1068), will NOT draw 

  [INFO] Duplicate found: door located (892, 1068), will NOT draw 

  [INFO] Duplicate found: door located (888, 1069), will NOT draw 

  [INFO] Duplicate found: door located (889, 1069), will NOT draw 

  [INFO] Duplicate found: door located (890, 1069), will NOT draw 

  [INFO] Duplicate found: door located (891, 1069), will NOT draw 

  [INFO] Duplicate found: door located (888, 1070), will NOT draw 

  [INFO] Duplicate found: door located (889, 1070), will NOT draw 

  [INFO] Duplicate found: door located (890, 1070), will NOT draw 

  [INFO] New door (G8BIRR) located (879, 706), will draw 
  [DEBUG] New duplicate added to the list: duptype=door, subtype=floorplan001-door01-rot180-hormir.png, minus_x=696, minus_y=869, plus_x=716, plus_y=889 

  [INFO] Duplicate found: door located (880, 706), will NOT draw 

  [INFO] Duplicate found: door located (881, 706), will NOT draw 

  [INFO] Duplicate found: door located (882, 706), will NOT draw 

  [INFO] Duplicate found: door located (877, 707), will NOT draw 

  [INFO] Duplicate found: door located (878, 707), will NOT draw 

  [INFO] Duplicate found: door located (879, 707), will NOT draw 

  [INFO] Duplicate found: door located (880, 707), will NOT draw 

  [INFO] Duplicate found: door located (881, 707), will NOT draw 

  [INFO] Duplicate found: door located (882, 707), will NOT draw 

  [INFO] Duplicate found: door located (876, 708), will NOT draw 

  [INFO] Duplicate found: door located (877, 708), will NOT draw 

  [INFO] Duplicate found: door located (878, 708), will NOT draw 

  [INFO] Duplicate found: door located (879, 708), will NOT draw 

  [INFO] Duplicate found: door located (880, 708), will NOT draw 

  [INFO] Duplicate found: door located (881, 708), will NOT draw 

  [INFO] Duplicate found: door located (882, 708), will NOT draw 

  [INFO] Duplicate found: door located (877, 709), will NOT draw 

  [INFO] Duplicate found: door located (878, 709), will NOT draw 

  [INFO] Duplicate found: door located (879, 709), will NOT draw 

  [INFO] Duplicate found: door located (880, 709), will NOT draw 

  [INFO] New door (MS27JV) located (591, 436), will draw 
  [DEBUG] New duplicate added to the list: duptype=door, subtype=floorplan001-door01.png, minus_x=426, minus_y=581, plus_x=446, plus_y=601 

  [INFO] Duplicate found: door located (592, 436), will NOT draw 

  [INFO] Duplicate found: door located (593, 436), will NOT draw 

  [INFO] Duplicate found: door located (594, 436), will NOT draw 

  [INFO] Duplicate found: door located (595, 436), will NOT draw 

  [INFO] Duplicate found: door located (590, 437), will NOT draw 

  [INFO] Duplicate found: door located (591, 437), will NOT draw 

  [INFO] Duplicate found: door located (592, 437), will NOT draw 

  [INFO] Duplicate found: door located (593, 437), will NOT draw 

  [INFO] Duplicate found: door located (594, 437), will NOT draw 

  [INFO] Duplicate found: door located (595, 437), will NOT draw 

  [INFO] Duplicate found: door located (596, 437), will NOT draw 

  [INFO] Duplicate found: door located (590, 438), will NOT draw 

  [INFO] Duplicate found: door located (591, 438), will NOT draw 

  [INFO] Duplicate found: door located (592, 438), will NOT draw 

  [INFO] Duplicate found: door located (593, 438), will NOT draw 

  [INFO] Duplicate found: door located (594, 438), will NOT draw 

  [INFO] Duplicate found: door located (595, 438), will NOT draw 

  [INFO] Duplicate found: door located (596, 438), will NOT draw 

  [INFO] Duplicate found: door located (597, 438), will NOT draw 

  [INFO] Duplicate found: door located (591, 439), will NOT draw 

  [INFO] Duplicate found: door located (592, 439), will NOT draw 

  [INFO] Duplicate found: door located (593, 439), will NOT draw 

  [INFO] Duplicate found: door located (594, 439), will NOT draw 

  [INFO] Duplicate found: door located (595, 439), will NOT draw 

  [INFO] Duplicate found: door located (596, 439), will NOT draw 

  [INFO] Duplicate found: door located (597, 439), will NOT draw 

  [INFO] Duplicate found: door located (593, 440), will NOT draw 

  [INFO] Duplicate found: door located (594, 440), will NOT draw 

  [INFO] Duplicate found: door located (595, 440), will NOT draw 

  [INFO] Duplicate found: door located (596, 440), will NOT draw 

  [INFO] New door (U3N9ZO) located (1072, 710), will draw 
  [DEBUG] New duplicate added to the list: duptype=door, subtype=floorplan001-door01.png, minus_x=700, minus_y=1062, plus_x=720, plus_y=1082 

  [INFO] Duplicate found: door located (1073, 710), will NOT draw 

  [INFO] Duplicate found: door located (1074, 710), will NOT draw 

  [INFO] Duplicate found: door located (1075, 710), will NOT draw 

  [INFO] Duplicate found: door located (1076, 710), will NOT draw 

  [INFO] Duplicate found: door located (1072, 711), will NOT draw 

  [INFO] Duplicate found: door located (1073, 711), will NOT draw 

  [INFO] Duplicate found: door located (1074, 711), will NOT draw 

  [INFO] Duplicate found: door located (1075, 711), will NOT draw 

  [INFO] Duplicate found: door located (1076, 711), will NOT draw 

  [INFO] Duplicate found: door located (1077, 711), will NOT draw 

  [INFO] Duplicate found: door located (1078, 711), will NOT draw 

  [INFO] Duplicate found: door located (1072, 712), will NOT draw 

  [INFO] Duplicate found: door located (1073, 712), will NOT draw 

  [INFO] Duplicate found: door located (1074, 712), will NOT draw 

  [INFO] Duplicate found: door located (1075, 712), will NOT draw 

  [INFO] Duplicate found: door located (1076, 712), will NOT draw 

  [INFO] Duplicate found: door located (1077, 712), will NOT draw 

  [INFO] Duplicate found: door located (1078, 712), will NOT draw 

  [INFO] Duplicate found: door located (1079, 712), will NOT draw 

  [INFO] Duplicate found: door located (1073, 713), will NOT draw 

  [INFO] Duplicate found: door located (1074, 713), will NOT draw 

  [INFO] Duplicate found: door located (1075, 713), will NOT draw 

  [INFO] Duplicate found: door located (1076, 713), will NOT draw 

  [INFO] Duplicate found: door located (1077, 713), will NOT draw 

  [INFO] Duplicate found: door located (1078, 713), will NOT draw 

  [INFO] Duplicate found: door located (1079, 713), will NOT draw 

  [INFO] Duplicate found: door located (1074, 714), will NOT draw 

  [INFO] Duplicate found: door located (1075, 714), will NOT draw 

  [INFO] Duplicate found: door located (1076, 714), will NOT draw 

  [INFO] Duplicate found: door located (1077, 714), will NOT draw 

  [INFO] Duplicate found: door located (1078, 714), will NOT draw 

  [INFO] Duplicate found: door located (1079, 714), will NOT draw 

  [INFO] New door (59KIJB) located (878, 755), will draw 
  [DEBUG] New duplicate added to the list: duptype=door, subtype=floorplan001-door01.png, minus_x=745, minus_y=868, plus_x=765, plus_y=888 

  [INFO] Duplicate found: door located (877, 756), will NOT draw 

  [INFO] Duplicate found: door located (878, 756), will NOT draw 

  [INFO] Duplicate found: door located (879, 756), will NOT draw 

  [INFO] Duplicate found: door located (880, 756), will NOT draw 

  [INFO] Duplicate found: door located (881, 756), will NOT draw 

  [INFO] Duplicate found: door located (877, 757), will NOT draw 

  [INFO] Duplicate found: door located (878, 757), will NOT draw 

  [INFO] Duplicate found: door located (879, 757), will NOT draw 

  [INFO] Duplicate found: door located (880, 757), will NOT draw 

  [INFO] Duplicate found: door located (881, 757), will NOT draw 

  [INFO] Duplicate found: door located (882, 757), will NOT draw 

  [INFO] Duplicate found: door located (877, 758), will NOT draw 

  [INFO] Duplicate found: door located (878, 758), will NOT draw 

  [INFO] Duplicate found: door located (879, 758), will NOT draw 

  [INFO] Duplicate found: door located (880, 758), will NOT draw 

  [INFO] Duplicate found: door located (881, 758), will NOT draw 

  [INFO] Duplicate found: door located (882, 758), will NOT draw 

  [INFO] Duplicate found: door located (879, 759), will NOT draw 

  [INFO] Duplicate found: door located (880, 759), will NOT draw 

  [INFO] Duplicate found: door located (881, 759), will NOT draw 

  [INFO] Duplicate found: door located (882, 759), will NOT draw 

  [INFO] New door (7MPR1P) located (243, 405), will draw 
  [DEBUG] New duplicate added to the list: duptype=door, subtype=floorplan001-door01-rot90-hormir.png, minus_x=395, minus_y=233, plus_x=415, plus_y=253 

  [INFO] Duplicate found: door located (244, 405), will NOT draw 

  [INFO] Duplicate found: door located (245, 405), will NOT draw 

  [INFO] Duplicate found: door located (242, 406), will NOT draw 

  [INFO] Duplicate found: door located (243, 406), will NOT draw 

  [INFO] Duplicate found: door located (244, 406), will NOT draw 

  [INFO] Duplicate found: door located (245, 406), will NOT draw 

  [INFO] Duplicate found: door located (246, 406), will NOT draw 

  [INFO] Duplicate found: door located (242, 407), will NOT draw 

  [INFO] Duplicate found: door located (243, 407), will NOT draw 

  [INFO] Duplicate found: door located (244, 407), will NOT draw 

  [INFO] Duplicate found: door located (245, 407), will NOT draw 

  [INFO] Duplicate found: door located (246, 407), will NOT draw 

  [INFO] Duplicate found: door located (242, 408), will NOT draw 

  [INFO] Duplicate found: door located (243, 408), will NOT draw 

  [INFO] Duplicate found: door located (244, 408), will NOT draw 

  [INFO] Duplicate found: door located (245, 408), will NOT draw 

  [INFO] Duplicate found: door located (246, 408), will NOT draw 

  [INFO] Duplicate found: door located (247, 408), will NOT draw 

  [INFO] Duplicate found: door located (243, 409), will NOT draw 

  [INFO] Duplicate found: door located (244, 409), will NOT draw 

  [INFO] Duplicate found: door located (245, 409), will NOT draw 

  [INFO] Duplicate found: door located (246, 409), will NOT draw 

  [INFO] Duplicate found: door located (247, 409), will NOT draw 

  [INFO] Duplicate found: door located (243, 410), will NOT draw 

  [INFO] Duplicate found: door located (244, 410), will NOT draw 

  [INFO] Duplicate found: door located (245, 410), will NOT draw 

  [INFO] Duplicate found: door located (246, 410), will NOT draw 

  [INFO] Duplicate found: door located (247, 410), will NOT draw 

  [INFO] Duplicate found: door located (244, 411), will NOT draw 

  [INFO] Duplicate found: door located (245, 411), will NOT draw 

  [INFO] Duplicate found: door located (246, 411), will NOT draw 

  [INFO] New door (QDE6Q5) located (912, 644), will draw 
  [DEBUG] New duplicate added to the list: duptype=door, subtype=floorplan001-door01-rot270.png, minus_x=634, minus_y=902, plus_x=654, plus_y=922 

  [INFO] Duplicate found: door located (913, 644), will NOT draw 

  [INFO] Duplicate found: door located (914, 644), will NOT draw 

  [INFO] Duplicate found: door located (915, 644), will NOT draw 

  [INFO] Duplicate found: door located (911, 645), will NOT draw 

  [INFO] Duplicate found: door located (912, 645), will NOT draw 

  [INFO] Duplicate found: door located (913, 645), will NOT draw 

  [INFO] Duplicate found: door located (914, 645), will NOT draw 

  [INFO] Duplicate found: door located (915, 645), will NOT draw 

  [INFO] Duplicate found: door located (911, 646), will NOT draw 

  [INFO] Duplicate found: door located (912, 646), will NOT draw 

  [INFO] Duplicate found: door located (913, 646), will NOT draw 

  [INFO] Duplicate found: door located (914, 646), will NOT draw 

  [INFO] Duplicate found: door located (911, 647), will NOT draw 

  [INFO] Duplicate found: door located (912, 647), will NOT draw 

  [INFO] Duplicate found: door located (913, 647), will NOT draw 

  [INFO] New door (9G1F6I) located (977, 643), will draw 
  [DEBUG] New duplicate added to the list: duptype=door, subtype=floorplan001-door01-rot270-hormir.png, minus_x=633, minus_y=967, plus_x=653, plus_y=987 

  [INFO] Duplicate found: door located (978, 643), will NOT draw 

  [INFO] Duplicate found: door located (979, 643), will NOT draw 

  [INFO] Duplicate found: door located (977, 644), will NOT draw 

  [INFO] Duplicate found: door located (978, 644), will NOT draw 

  [INFO] Duplicate found: door located (979, 644), will NOT draw 

  [INFO] Duplicate found: door located (980, 644), will NOT draw 

  [INFO] Duplicate found: door located (977, 645), will NOT draw 

  [INFO] Duplicate found: door located (978, 645), will NOT draw 

  [INFO] Duplicate found: door located (979, 645), will NOT draw 

  [INFO] Duplicate found: door located (980, 645), will NOT draw 

  [INFO] Duplicate found: door located (977, 646), will NOT draw 

  [INFO] Duplicate found: door located (978, 646), will NOT draw 

  [INFO] Duplicate found: door located (979, 646), will NOT draw 

  [INFO] Duplicate found: door located (980, 646), will NOT draw 

  [INFO] Duplicate found: door located (981, 646), will NOT draw 

  [INFO] Duplicate found: door located (978, 647), will NOT draw 

  [INFO] Duplicate found: door located (979, 647), will NOT draw 

  [INFO] Duplicate found: door located (980, 647), will NOT draw 

  [INFO] Duplicate found: door located (981, 647), will NOT draw 

  [INFO] Duplicate found: door located (979, 648), will NOT draw 

  [INFO] Duplicate found: door located (980, 648), will NOT draw 

  [INFO] New door (Q5NMHJ) located (411, 343), will draw 
  [DEBUG] New duplicate added to the list: duptype=door, subtype=floorplan001-door01-hormir.png, minus_x=333, minus_y=401, plus_x=353, plus_y=421 

  [INFO] Duplicate found: door located (410, 344), will NOT draw 

  [INFO] Duplicate found: door located (411, 344), will NOT draw 

  [INFO] Duplicate found: door located (409, 345), will NOT draw 

  [INFO] Duplicate found: door located (410, 345), will NOT draw 
  [INFO] floorplan001.jpg Found sink with reference I5XO7V at 560,1068
  [INFO] floorplan001.jpg Found sink with reference 7J51N2 at 558,837
  [INFO] floorplan001.jpg Found shower with reference PVC12P at 555,978
  [INFO] floorplan001.jpg Found bathtub with reference FZ20KU at 579,1151
  [INFO] floorplan001.jpg Found toilet with reference SIBFTG at 431,154
  [INFO] floorplan001.jpg Found toilet with reference 13O15C at 722,1156
  [INFO] floorplan001.jpg Found door with reference ONOFH5 at 273,486
  [INFO] floorplan001.jpg Found door with reference W5SD9I at 405,314
  [INFO] floorplan001.jpg Found door with reference 0PZ96Z at 1063,890
  [INFO] floorplan001.jpg Found door with reference G8BIRR at 706,879
  [INFO] floorplan001.jpg Found door with reference MS27JV at 436,591
  [INFO] floorplan001.jpg Found door with reference U3N9ZO at 710,1072
  [INFO] floorplan001.jpg Found door with reference 59KIJB at 755,878
  [INFO] floorplan001.jpg Found door with reference 7MPR1P at 405,243
  [INFO] floorplan001.jpg Found door with reference QDE6Q5 at 644,912
  [INFO] floorplan001.jpg Found door with reference 9G1F6I at 643,977
  [INFO] floorplan001.jpg Found door with reference Q5NMHJ at 343,411
[INFO] Processing floorplan 34/72 (floorplan066.jpg) 
[INFO] Processing floorplan 35/72 (floorplan034.jpg) 
[INFO] Processing floorplan 36/72 (floorplan069.jpeg) 
[INFO] Processing floorplan 37/72 (floorplan036.jpg) 
[INFO] Processing floorplan 38/72 (floorplan031.jpg) 
[INFO] Processing floorplan 39/72 (floorplan058.png) 
[INFO] Processing floorplan 40/72 (floorplan056.png) 
[INFO] Processing floorplan 41/72 (floorplan007.jpg) 
[INFO] Processing floorplan 42/72 (floorplan026.png) 
[INFO] Processing floorplan 43/72 (floorplan011.jpg) 
[INFO] Processing floorplan 44/72 (floorplan070.jpeg) 
[INFO] Processing floorplan 45/72 (floorplan017.jpg) 
[INFO] Processing floorplan 46/72 (floorplan009.jpg) 
[INFO] Processing floorplan 47/72 (floorplan041.jpg) 
[INFO] Processing floorplan 48/72 (floorplan038.jpg) 
[INFO] Processing floorplan 49/72 (floorplan019.jpg) 
[INFO] Processing floorplan 50/72 (floorplan020.gif) 
[ERROR] Floorplan image ./input/floorplans/floorplan020.gif not found or unsupported 
[INFO] Processing floorplan 51/72 (floorplan059.png) 
[INFO] Processing floorplan 52/72 (floorplan013.jpg) 
[INFO] Processing floorplan 53/72 (floorplan037.jpg) 
[INFO] Processing floorplan 54/72 (floorplan048.jpg) 
[INFO] Processing floorplan 55/72 (floorplan039.gif) 
[ERROR] Floorplan image ./input/floorplans/floorplan039.gif not found or unsupported 
[INFO] Processing floorplan 56/72 (floorplan010.jpg) 
[INFO] Processing floorplan 57/72 (floorplan053.png) 
[INFO] Processing floorplan 58/72 (floorplan015.jpg) 
[INFO] Processing floorplan 59/72 (floorplan062.jpg) 
[INFO] Processing floorplan 60/72 (floorplan035.jpg) 
[INFO] Processing floorplan 61/72 (floorplan051.png) 
[INFO] Processing floorplan 62/72 (floorplan040.gif) 
[ERROR] Floorplan image ./input/floorplans/floorplan040.gif not found or unsupported 
[INFO] Processing floorplan 63/72 (floorplan025.jpg) 

  [INFO] New door (4X7WE5) located (349, 537), will draw 
  [DEBUG] New duplicate added to the list: duptype=door, subtype=floorplan001-door01-rot90.png, minus_x=527, minus_y=339, plus_x=547, plus_y=359 

  [INFO] Duplicate found: door located (349, 538), will NOT draw 

  [INFO] New door (U32HOU) located (349, 318), will draw 
  [DEBUG] New duplicate added to the list: duptype=door, subtype=floorplan001-door01-rot270-hormir.png, minus_x=308, minus_y=339, plus_x=328, plus_y=359 

  [INFO] Duplicate found: door located (349, 319), will NOT draw 
  [INFO] floorplan025.jpg Found door with reference 4X7WE5 at 537,349
  [INFO] floorplan025.jpg Found door with reference U32HOU at 318,349
[INFO] Processing floorplan 64/72 (floorplan023.gif) 
[ERROR] Floorplan image ./input/floorplans/floorplan023.gif not found or unsupported 
[INFO] Processing floorplan 65/72 (floorplan050.png) 
[INFO] Processing floorplan 66/72 (floorplan027.jpg) 

  [INFO] New door (NU15YO) located (380, 135), will draw 
  [DEBUG] New duplicate added to the list: duptype=door, subtype=floorplan002-door01-rot180-hormir.png, minus_x=125, minus_y=370, plus_x=145, plus_y=390 

  [INFO] New door (E4AFXD) located (310, 136), will draw 
  [DEBUG] New duplicate added to the list: duptype=door, subtype=floorplan002-door01.png, minus_x=126, minus_y=300, plus_x=146, plus_y=320 
  [INFO] floorplan027.jpg Found door with reference NU15YO at 135,380
  [INFO] floorplan027.jpg Found door with reference E4AFXD at 136,310
[INFO] Processing floorplan 67/72 (floorplan004.jpg) 
[INFO] Processing floorplan 68/72 (floorplan005.jpg) 
[INFO] Processing floorplan 69/72 (floorplan063.jpg) 
[INFO] Processing floorplan 70/72 (floorplan003.jpg) 

  [INFO] New sink (RDN02F) located (910, 354), will draw 
  [DEBUG] New duplicate added to the list: duptype=sink, subtype=floorplan003-sink01.png, minus_x=344, minus_y=900, plus_x=364, plus_y=920 

  [INFO] Duplicate found: sink located (911, 354), will NOT draw 

  [INFO] New sink (Z14G3S) located (897, 729), will draw 
  [DEBUG] New duplicate added to the list: duptype=sink, subtype=floorplan003-sink01.png, minus_x=719, minus_y=887, plus_x=739, plus_y=907 

  [INFO] Duplicate found: sink located (898, 729), will NOT draw 

  [INFO] New shower (IPMH3C) located (939, 729), will draw 
  [DEBUG] New duplicate added to the list: duptype=shower, subtype=floorplan003-shower01.png, minus_x=719, minus_y=929, plus_x=739, plus_y=949 

  [INFO] New toilet (0XR8RL) located (896, 779), will draw 
  [DEBUG] New duplicate added to the list: duptype=toilet, subtype=floorplan003-toilet01.png, minus_x=769, minus_y=886, plus_x=789, plus_y=906 

  [INFO] New toilet (08M7V9) located (949, 437), will draw 
  [DEBUG] New duplicate added to the list: duptype=toilet, subtype=floorplan003-toilet01-rot180.png, minus_x=427, minus_y=939, plus_x=447, plus_y=959 

  [INFO] Duplicate found: toilet located (950, 437), will NOT draw 

  [INFO] New door (BXA4R2) located (1063, 172), will draw 
  [DEBUG] New duplicate added to the list: duptype=door, subtype=floorplan002-door01-rot180-hormir.png, minus_x=162, minus_y=1053, plus_x=182, plus_y=1073 

  [INFO] Duplicate found: door located (1064, 172), will NOT draw 

  [INFO] New door (HXKIXG) located (1024, 170), will draw 
  [DEBUG] New duplicate added to the list: duptype=door, subtype=floorplan002-door01-rot90-hormir.png, minus_x=160, minus_y=1014, plus_x=180, plus_y=1034 

  [INFO] Duplicate found: door located (1025, 171), will NOT draw 

  [INFO] New door (D4P3S0) located (1025, 132), will draw 
  [DEBUG] New duplicate added to the list: duptype=door, subtype=floorplan002-door01-rot270.png, minus_x=122, minus_y=1015, plus_x=142, plus_y=1035 

  [INFO] Duplicate found: door located (1026, 131), will NOT draw 

  [INFO] Duplicate found: door located (1025, 132), will NOT draw 

  [INFO] Duplicate found: door located (1065, 170), will NOT draw 

  [INFO] Duplicate found: door located (1065, 171), will NOT draw 

  [INFO] Duplicate found: door located (1025, 172), will NOT draw 

  [INFO] New door (0J36YX) located (1064, 132), will draw 
  [DEBUG] New duplicate added to the list: duptype=door, subtype=floorplan002-door01.png, minus_x=122, minus_y=1054, plus_x=142, plus_y=1074 
  [INFO] floorplan003.jpg Found sink with reference RDN02F at 354,910
  [INFO] floorplan003.jpg Found sink with reference Z14G3S at 729,897
  [INFO] floorplan003.jpg Found shower with reference IPMH3C at 729,939
  [INFO] floorplan003.jpg Found toilet with reference 0XR8RL at 779,896
  [INFO] floorplan003.jpg Found toilet with reference 08M7V9 at 437,949
  [INFO] floorplan003.jpg Found door with reference BXA4R2 at 172,1063
  [INFO] floorplan003.jpg Found door with reference HXKIXG at 170,1024
  [INFO] floorplan003.jpg Found door with reference D4P3S0 at 132,1025
  [INFO] floorplan003.jpg Found door with reference 0J36YX at 132,1064
[INFO] Processing floorplan 71/72 (floorplan021.JPG) 

  [INFO] New door (DD2DIM) located (61, 311), will draw 
  [DEBUG] New duplicate added to the list: duptype=door, subtype=floorplan002-door01-rot180-hormir.png, minus_x=301, minus_y=51, plus_x=321, plus_y=71 

  [INFO] Duplicate found: door located (60, 312), will NOT draw 

  [INFO] Duplicate found: door located (61, 312), will NOT draw 

  [INFO] Duplicate found: door located (60, 313), will NOT draw 

  [INFO] New door (I36DIL) located (164, 260), will draw 
  [DEBUG] New duplicate added to the list: duptype=door, subtype=floorplan002-door01-rot270.png, minus_x=250, minus_y=154, plus_x=270, plus_y=174 

  [INFO] Duplicate found: door located (164, 261), will NOT draw 

  [INFO] New door (ZH2QBN) located (274, 317), will draw 
  [DEBUG] New duplicate added to the list: duptype=door, subtype=floorplan002-door01-rot90.png, minus_x=307, minus_y=264, plus_x=327, plus_y=284 

  [INFO] Duplicate found: door located (273, 318), will NOT draw 

  [INFO] New door (YTG9QM) located (273, 260), will draw 
  [DEBUG] New duplicate added to the list: duptype=door, subtype=floorplan002-door01-rot270-hormir.png, minus_x=250, minus_y=263, plus_x=270, plus_y=283 

  [INFO] Duplicate found: door located (274, 260), will NOT draw 

  [INFO] Duplicate found: door located (274, 261), will NOT draw 
  [INFO] floorplan021.JPG Found door with reference DD2DIM at 311,61
  [INFO] floorplan021.JPG Found door with reference I36DIL at 260,164
  [INFO] floorplan021.JPG Found door with reference ZH2QBN at 317,274
  [INFO] floorplan021.JPG Found door with reference YTG9QM at 260,273
[INFO] Processing floorplan 72/72 (floorplan030.jpg) 
